[20-Nov-2024 01:32:22 UTC] PHP Fatal error:  Uncaught Error: Call to undefined function we_get_post_parent_id() in C:\Users\Owner\Local Sites\abc-university\app\public\wp-content\themes\abc-university-theme\page.php:21
Stack trace:
#0 C:\Users\Owner\Local Sites\abc-university\app\public\wp-includes\template-loader.php(106): include()
#1 C:\Users\Owner\Local Sites\abc-university\app\public\wp-blog-header.php(19): require_once('C:\\Users\\Owner\\...')
#2 C:\Users\Owner\Local Sites\abc-university\app\public\index.php(17): require('C:\\Users\\Owner\\...')
#3 {main}
  thrown in C:\Users\Owner\Local Sites\abc-university\app\public\wp-content\themes\abc-university-theme\page.php on line 21
[20-Nov-2024 01:39:43 UTC] PHP Fatal error:  Uncaught Error: Call to undefined function we_get_post_parent_id() in C:\Users\Owner\Local Sites\abc-university\app\public\wp-content\themes\abc-university-theme\page.php:21
Stack trace:
#0 C:\Users\Owner\Local Sites\abc-university\app\public\wp-includes\template-loader.php(106): include()
#1 C:\Users\Owner\Local Sites\abc-university\app\public\wp-blog-header.php(19): require_once('C:\\Users\\Owner\\...')
#2 C:\Users\Owner\Local Sites\abc-university\app\public\index.php(17): require('C:\\Users\\Owner\\...')
#3 {main}
  thrown in C:\Users\Owner\Local Sites\abc-university\app\public\wp-content\themes\abc-university-theme\page.php on line 21
[20-Nov-2024 01:40:28 UTC] PHP Fatal error:  Uncaught Error: Call to undefined function we_get_post_parent_id() in C:\Users\Owner\Local Sites\abc-university\app\public\wp-content\themes\abc-university-theme\page.php:21
Stack trace:
#0 C:\Users\Owner\Local Sites\abc-university\app\public\wp-includes\template-loader.php(106): include()
#1 C:\Users\Owner\Local Sites\abc-university\app\public\wp-blog-header.php(19): require_once('C:\\Users\\Owner\\...')
#2 C:\Users\Owner\Local Sites\abc-university\app\public\index.php(17): require('C:\\Users\\Owner\\...')
#3 {main}
  thrown in C:\Users\Owner\Local Sites\abc-university\app\public\wp-content\themes\abc-university-theme\page.php on line 21
[20-Nov-2024 01:56:19 UTC] PHP Parse error:  syntax error, unexpected token "}", expecting "," or ";" in C:\Users\Owner\Local Sites\abc-university\app\public\wp-content\themes\abc-university-theme\page.php on line 23
[20-Nov-2024 01:56:40 UTC] PHP Fatal error:  Uncaught Error: Call to undefined function we_get_post_parent_id() in C:\Users\Owner\Local Sites\abc-university\app\public\wp-content\themes\abc-university-theme\page.php:21
Stack trace:
#0 C:\Users\Owner\Local Sites\abc-university\app\public\wp-includes\template-loader.php(106): include()
#1 C:\Users\Owner\Local Sites\abc-university\app\public\wp-blog-header.php(19): require_once('C:\\Users\\Owner\\...')
#2 C:\Users\Owner\Local Sites\abc-university\app\public\index.php(17): require('C:\\Users\\Owner\\...')
#3 {main}
  thrown in C:\Users\Owner\Local Sites\abc-university\app\public\wp-content\themes\abc-university-theme\page.php on line 21
[20-Nov-2024 01:57:57 UTC] PHP Fatal error:  Uncaught Error: Call to undefined function we_get_post_parent_id() in C:\Users\Owner\Local Sites\abc-university\app\public\wp-content\themes\abc-university-theme\page.php:21
Stack trace:
#0 C:\Users\Owner\Local Sites\abc-university\app\public\wp-includes\template-loader.php(106): include()
#1 C:\Users\Owner\Local Sites\abc-university\app\public\wp-blog-header.php(19): require_once('C:\\Users\\Owner\\...')
#2 C:\Users\Owner\Local Sites\abc-university\app\public\index.php(17): require('C:\\Users\\Owner\\...')
#3 {main}
  thrown in C:\Users\Owner\Local Sites\abc-university\app\public\wp-content\themes\abc-university-theme\page.php on line 21
[20-Nov-2024 01:58:00 UTC] PHP Fatal error:  Uncaught Error: Call to undefined function we_get_post_parent_id() in C:\Users\Owner\Local Sites\abc-university\app\public\wp-content\themes\abc-university-theme\page.php:21
Stack trace:
#0 C:\Users\Owner\Local Sites\abc-university\app\public\wp-includes\template-loader.php(106): include()
#1 C:\Users\Owner\Local Sites\abc-university\app\public\wp-blog-header.php(19): require_once('C:\\Users\\Owner\\...')
#2 C:\Users\Owner\Local Sites\abc-university\app\public\index.php(17): require('C:\\Users\\Owner\\...')
#3 {main}
  thrown in C:\Users\Owner\Local Sites\abc-university\app\public\wp-content\themes\abc-university-theme\page.php on line 21
[21-Nov-2024 01:30:13 UTC] PHP Parse error:  syntax error, unexpected token "if" in C:\Users\Owner\Local Sites\abc-university\app\public\wp-content\themes\abc-university-theme\page.php on line 40
[21-Nov-2024 01:31:24 UTC] PHP Fatal error:  Uncaught Error: Call to undefined function getPages() in C:\Users\Owner\Local Sites\abc-university\app\public\wp-content\themes\abc-university-theme\page.php:36
Stack trace:
#0 C:\Users\Owner\Local Sites\abc-university\app\public\wp-includes\template-loader.php(106): include()
#1 C:\Users\Owner\Local Sites\abc-university\app\public\wp-blog-header.php(19): require_once('C:\\Users\\Owner\\...')
#2 C:\Users\Owner\Local Sites\abc-university\app\public\index.php(17): require('C:\\Users\\Owner\\...')
#3 {main}
  thrown in C:\Users\Owner\Local Sites\abc-university\app\public\wp-content\themes\abc-university-theme\page.php on line 36
[21-Nov-2024 01:34:34 UTC] PHP Parse error:  Unclosed '{' on line 3 in C:\Users\Owner\Local Sites\abc-university\app\public\wp-content\themes\abc-university-theme\page.php on line 69
[21-Nov-2024 02:15:08 UTC] PHP Warning:  Attempt to read property "title" on null in C:\Users\Owner\Local Sites\abc-university\app\public\wp-includes\class-wp-customize-widgets.php on line 923
[21-Nov-2024 02:20:57 UTC] PHP Warning:  Attempt to read property "title" on null in C:\Users\Owner\Local Sites\abc-university\app\public\wp-includes\class-wp-customize-widgets.php on line 923
[23-Nov-2024 02:18:30 UTC] PHP Fatal error:  Uncaught Error: Undefined constant "the" in C:\Users\Owner\Local Sites\abc-university\app\public\wp-content\themes\abc-university-theme\index.php:27
Stack trace:
#0 C:\Users\Owner\Local Sites\abc-university\app\public\wp-includes\template-loader.php(106): include()
#1 C:\Users\Owner\Local Sites\abc-university\app\public\wp-blog-header.php(19): require_once('C:\\Users\\Owner\\...')
#2 C:\Users\Owner\Local Sites\abc-university\app\public\index.php(17): require('C:\\Users\\Owner\\...')
#3 {main}
  thrown in C:\Users\Owner\Local Sites\abc-university\app\public\wp-content\themes\abc-university-theme\index.php on line 27
[26-Nov-2024 01:47:27 UTC] PHP Fatal error:  Uncaught ArgumentCountError: get_headers() expects at least 1 argument, 0 given in C:\Users\Owner\Local Sites\abc-university\app\public\wp-content\themes\abc-university-theme\single.php:2
Stack trace:
#0 C:\Users\Owner\Local Sites\abc-university\app\public\wp-content\themes\abc-university-theme\single.php(2): get_headers()
#1 C:\Users\Owner\Local Sites\abc-university\app\public\wp-includes\template-loader.php(106): include('C:\\Users\\Owner\\...')
#2 C:\Users\Owner\Local Sites\abc-university\app\public\wp-blog-header.php(19): require_once('C:\\Users\\Owner\\...')
#3 C:\Users\Owner\Local Sites\abc-university\app\public\index.php(17): require('C:\\Users\\Owner\\...')
#4 {main}
  thrown in C:\Users\Owner\Local Sites\abc-university\app\public\wp-content\themes\abc-university-theme\single.php on line 2
[26-Nov-2024 01:49:11 UTC] PHP Fatal error:  Uncaught ArgumentCountError: get_headers() expects at least 1 argument, 0 given in C:\Users\Owner\Local Sites\abc-university\app\public\wp-content\themes\abc-university-theme\single.php:2
Stack trace:
#0 C:\Users\Owner\Local Sites\abc-university\app\public\wp-content\themes\abc-university-theme\single.php(2): get_headers()
#1 C:\Users\Owner\Local Sites\abc-university\app\public\wp-includes\template-loader.php(106): include('C:\\Users\\Owner\\...')
#2 C:\Users\Owner\Local Sites\abc-university\app\public\wp-blog-header.php(19): require_once('C:\\Users\\Owner\\...')
#3 C:\Users\Owner\Local Sites\abc-university\app\public\index.php(17): require('C:\\Users\\Owner\\...')
#4 {main}
  thrown in C:\Users\Owner\Local Sites\abc-university\app\public\wp-content\themes\abc-university-theme\single.php on line 2
[26-Nov-2024 01:56:36 UTC] PHP Fatal error:  Uncaught Error: Call to undefined function get_content() in C:\Users\Owner\Local Sites\abc-university\app\public\wp-content\themes\abc-university-theme\single.php:19
Stack trace:
#0 C:\Users\Owner\Local Sites\abc-university\app\public\wp-includes\template-loader.php(106): include()
#1 C:\Users\Owner\Local Sites\abc-university\app\public\wp-blog-header.php(19): require_once('C:\\Users\\Owner\\...')
#2 C:\Users\Owner\Local Sites\abc-university\app\public\index.php(17): require('C:\\Users\\Owner\\...')
#3 {main}
  thrown in C:\Users\Owner\Local Sites\abc-university\app\public\wp-content\themes\abc-university-theme\single.php on line 19
[26-Nov-2024 02:03:00 UTC] PHP Warning:  Undefined variable $theParent in C:\Users\Owner\Local Sites\abc-university\app\public\wp-content\themes\abc-university-theme\single.php on line 20
[26-Nov-2024 02:03:00 UTC] PHP Warning:  Undefined variable $theParent in C:\Users\Owner\Local Sites\abc-university\app\public\wp-content\themes\abc-university-theme\single.php on line 21
[26-Nov-2024 02:14:01 UTC] PHP Fatal error:  Uncaught Error: Undefined constant "m" in C:\Users\Owner\Local Sites\abc-university\app\public\wp-content\themes\abc-university-theme\single.php:22
Stack trace:
#0 C:\Users\Owner\Local Sites\abc-university\app\public\wp-includes\template-loader.php(106): include()
#1 C:\Users\Owner\Local Sites\abc-university\app\public\wp-blog-header.php(19): require_once('C:\\Users\\Owner\\...')
#2 C:\Users\Owner\Local Sites\abc-university\app\public\index.php(17): require('C:\\Users\\Owner\\...')
#3 {main}
  thrown in C:\Users\Owner\Local Sites\abc-university\app\public\wp-content\themes\abc-university-theme\single.php on line 22
[27-Nov-2024 01:10:58 UTC] PHP Parse error:  syntax error, unexpected token "}" in C:\Users\Owner\Local Sites\abc-university\app\public\wp-content\themes\abc-university-theme\archive.php on line 14
[27-Nov-2024 01:15:32 UTC] PHP Parse error:  syntax error, unexpected token "}" in C:\Users\Owner\Local Sites\abc-university\app\public\wp-content\themes\abc-university-theme\archive.php on line 20
[27-Nov-2024 01:15:34 UTC] PHP Parse error:  syntax error, unexpected token "}" in C:\Users\Owner\Local Sites\abc-university\app\public\wp-content\themes\abc-university-theme\archive.php on line 20
[28-Nov-2024 01:33:18 UTC] PHP Fatal error:  Cannot redeclare university_post_types() (previously declared in C:\Users\Owner\Local Sites\abc-university\app\public\wp-content\mu-plugins\university_post_types.php:3) in C:\Users\Owner\Local Sites\abc-university\app\public\wp-content\themes\abc-university-theme\functions.php on line 19
[28-Nov-2024 01:33:18 UTC] PHP Warning:  Trying to access array offset on value of type bool in C:\Users\Owner\Local Sites\abc-university\app\public\wp-includes\class-wp-recovery-mode-email-service.php on line 367
[28-Nov-2024 01:33:18 UTC] PHP Warning:  Trying to access array offset on value of type bool in C:\Users\Owner\Local Sites\abc-university\app\public\wp-includes\class-wp-recovery-mode-email-service.php on line 368
[28-Nov-2024 01:33:18 UTC] PHP Fatal error:  Cannot redeclare university_post_types() (previously declared in C:\Users\Owner\Local Sites\abc-university\app\public\wp-content\mu-plugins\university_post_types.php:3) in C:\Users\Owner\Local Sites\abc-university\app\public\wp-content\themes\abc-university-theme\functions.php on line 19
[28-Nov-2024 01:33:29 UTC] PHP Fatal error:  Cannot redeclare university_post_types() (previously declared in C:\Users\Owner\Local Sites\abc-university\app\public\wp-content\mu-plugins\university_post_types.php:3) in C:\Users\Owner\Local Sites\abc-university\app\public\wp-content\themes\abc-university-theme\functions.php on line 19
[28-Nov-2024 01:33:29 UTC] PHP Fatal error:  Cannot redeclare university_post_types() (previously declared in C:\Users\Owner\Local Sites\abc-university\app\public\wp-content\mu-plugins\university_post_types.php:3) in C:\Users\Owner\Local Sites\abc-university\app\public\wp-content\themes\abc-university-theme\functions.php on line 19
[28-Nov-2024 01:56:50 UTC] PHP Fatal error:  Uncaught Error: Call to undefined function the_tile() in C:\Users\Owner\Local Sites\abc-university\app\public\wp-content\themes\abc-university-theme\front-page.php:37
Stack trace:
#0 C:\Users\Owner\Local Sites\abc-university\app\public\wp-includes\template-loader.php(106): include()
#1 C:\Users\Owner\Local Sites\abc-university\app\public\wp-blog-header.php(19): require_once('C:\\Users\\Owner\\...')
#2 C:\Users\Owner\Local Sites\abc-university\app\public\index.php(17): require('C:\\Users\\Owner\\...')
#3 {main}
  thrown in C:\Users\Owner\Local Sites\abc-university\app\public\wp-content\themes\abc-university-theme\front-page.php on line 37
[28-Nov-2024 01:56:52 UTC] PHP Fatal error:  Uncaught Error: Call to undefined function the_tile() in C:\Users\Owner\Local Sites\abc-university\app\public\wp-content\themes\abc-university-theme\front-page.php:37
Stack trace:
#0 C:\Users\Owner\Local Sites\abc-university\app\public\wp-includes\template-loader.php(106): include()
#1 C:\Users\Owner\Local Sites\abc-university\app\public\wp-blog-header.php(19): require_once('C:\\Users\\Owner\\...')
#2 C:\Users\Owner\Local Sites\abc-university\app\public\index.php(17): require('C:\\Users\\Owner\\...')
#3 {main}
  thrown in C:\Users\Owner\Local Sites\abc-university\app\public\wp-content\themes\abc-university-theme\front-page.php on line 37
[29-Nov-2024 01:50:42 UTC] PHP Fatal error:  Uncaught Error: Call to undefined function echo_site_url() in C:\Users\Owner\Local Sites\abc-university\app\public\wp-content\themes\abc-university-theme\front-page.php:60
Stack trace:
#0 C:\Users\Owner\Local Sites\abc-university\app\public\wp-includes\template-loader.php(106): include()
#1 C:\Users\Owner\Local Sites\abc-university\app\public\wp-blog-header.php(19): require_once('C:\\Users\\Owner\\...')
#2 C:\Users\Owner\Local Sites\abc-university\app\public\index.php(17): require('C:\\Users\\Owner\\...')
#3 {main}
  thrown in C:\Users\Owner\Local Sites\abc-university\app\public\wp-content\themes\abc-university-theme\front-page.php on line 60
[04-Dec-2024 01:28:35 UTC] PHP Warning:  Undefined array key "" in C:\Users\Owner\Local Sites\abc-university\app\public\wp-content\themes\abc-university-theme\functions.php on line 19
[04-Dec-2024 01:28:35 UTC] PHP Warning:  Undefined array key "" in C:\Users\Owner\Local Sites\abc-university\app\public\wp-content\themes\abc-university-theme\functions.php on line 19
[04-Dec-2024 01:30:36 UTC] PHP Warning:  Undefined array key "" in C:\Users\Owner\Local Sites\abc-university\app\public\wp-content\themes\abc-university-theme\functions.php on line 19
[04-Dec-2024 01:30:36 UTC] PHP Warning:  Undefined array key "" in C:\Users\Owner\Local Sites\abc-university\app\public\wp-content\themes\abc-university-theme\functions.php on line 19
[04-Dec-2024 01:32:37 UTC] PHP Warning:  Undefined array key "" in C:\Users\Owner\Local Sites\abc-university\app\public\wp-content\themes\abc-university-theme\functions.php on line 19
[04-Dec-2024 01:32:37 UTC] PHP Warning:  Undefined array key "" in C:\Users\Owner\Local Sites\abc-university\app\public\wp-content\themes\abc-university-theme\functions.php on line 19
[04-Dec-2024 01:34:38 UTC] PHP Warning:  Undefined array key "" in C:\Users\Owner\Local Sites\abc-university\app\public\wp-content\themes\abc-university-theme\functions.php on line 19
[04-Dec-2024 01:34:38 UTC] PHP Warning:  Undefined array key "" in C:\Users\Owner\Local Sites\abc-university\app\public\wp-content\themes\abc-university-theme\functions.php on line 19
